<?xml version="1.0" encoding="UTF-8"?>
<robot generator="Robot 5.0.1 (Python 3.9.13 on win32)" generated="20220910 23:04:18.752" rpa="false" schemaversion="3">
<suite id="s1" name="Tasks" source="c:\Users\JAYANN1920\RobotFrameworkProject\tasks.robot">
<test id="s1-t1" name="Check go to UAT" line="30">
<kw name="Go to UAT">
<kw name="Open Browser" library="SeleniumLibrary">
<arg>${url}</arg>
<arg>${browser}</arg>
<doc>Opens a new browser instance to the optional ``url``.</doc>
<msg timestamp="20220910 23:04:19.666" level="INFO">Opening browser 'chrome' to base url 'https://www.facebook.com/login'.</msg>
<status status="PASS" starttime="20220910 23:04:19.666" endtime="20220910 23:04:24.034"/>
</kw>
<kw name="Wait Until Page Contains" library="SeleniumLibrary">
<arg>Log in</arg>
<doc>Waits until ``text`` appears on the current page.</doc>
<status status="PASS" starttime="20220910 23:04:24.034" endtime="20220910 23:04:24.050"/>
</kw>
<status status="PASS" starttime="20220910 23:04:19.666" endtime="20220910 23:04:24.050"/>
</kw>
<status status="PASS" starttime="20220910 23:04:19.666" endtime="20220910 23:04:24.058"/>
</test>
<test id="s1-t2" name="Login Successful" line="32">
<kw name="Login to site Successful">
<kw name="Input Text" library="SeleniumLibrary">
<arg>email</arg>
<arg>${email}</arg>
<doc>Types the given ``text`` into the text field identified by ``locator``.</doc>
<msg timestamp="20220910 23:04:24.058" level="INFO">Typing text 'spartacus2233@gmail.com' into text field 'email'.</msg>
<status status="PASS" starttime="20220910 23:04:24.058" endtime="20220910 23:04:24.298"/>
</kw>
<kw name="Input Password" library="SeleniumLibrary">
<arg>pass</arg>
<arg>${password}</arg>
<doc>Types the given password into the text field identified by ``locator``.</doc>
<msg timestamp="20220910 23:04:24.298" level="INFO">Typing password into text field 'pass'.</msg>
<msg timestamp="20220910 23:04:24.360" level="INFO">Temporally setting log level to: NONE</msg>
<msg timestamp="20220910 23:04:24.457" level="INFO">Log level changed from NONE to INFO.</msg>
<status status="PASS" starttime="20220910 23:04:24.298" endtime="20220910 23:04:24.457"/>
</kw>
<kw name="Click Button" library="SeleniumLibrary">
<arg>Log In</arg>
<doc>Clicks the button identified by ``locator``.</doc>
<msg timestamp="20220910 23:04:24.457" level="INFO">Clicking button 'Log In'.</msg>
<status status="PASS" starttime="20220910 23:04:24.457" endtime="20220910 23:04:24.562"/>
</kw>
<kw name="Wait Until Page Contains" library="SeleniumLibrary">
<arg>${facebookname}</arg>
<doc>Waits until ``text`` appears on the current page.</doc>
<kw name="Capture Page Screenshot" library="SeleniumLibrary">
<doc>Takes a screenshot of the current page and embeds it into a log file.</doc>
<msg timestamp="20220910 23:04:29.957" level="INFO" html="true">&lt;/td&gt;&lt;/tr&gt;&lt;tr&gt;&lt;td colspan="3"&gt;&lt;a href="selenium-screenshot-1.png"&gt;&lt;img src="selenium-screenshot-1.png" width="800px"&gt;&lt;/a&gt;</msg>
<status status="PASS" starttime="20220910 23:04:29.720" endtime="20220910 23:04:29.957"/>
</kw>
<msg timestamp="20220910 23:04:29.957" level="FAIL">Text 'facebookname' did not appear in 5 seconds.</msg>
<status status="FAIL" starttime="20220910 23:04:24.562" endtime="20220910 23:04:29.957"/>
</kw>
<status status="FAIL" starttime="20220910 23:04:24.058" endtime="20220910 23:04:29.957"/>
</kw>
<status status="FAIL" starttime="20220910 23:04:24.058" endtime="20220910 23:04:29.957">Text 'facebookname' did not appear in 5 seconds.</status>
</test>
<test id="s1-t3" name="Login Failed Invalid Email" line="34">
<kw name="Login to site Invalid Email">
<kw name="Input Text" library="SeleniumLibrary">
<arg>email</arg>
<arg>${email}</arg>
<doc>Types the given ``text`` into the text field identified by ``locator``.</doc>
<msg timestamp="20220910 23:04:29.969" level="INFO">Typing text 'spartacus2233@gmail.com' into text field 'email'.</msg>
<status status="PASS" starttime="20220910 23:04:29.969" endtime="20220910 23:04:30.185"/>
</kw>
<kw name="Input Password" library="SeleniumLibrary">
<arg>pass</arg>
<arg>${password}</arg>
<doc>Types the given password into the text field identified by ``locator``.</doc>
<msg timestamp="20220910 23:04:30.185" level="INFO">Typing password into text field 'pass'.</msg>
<msg timestamp="20220910 23:04:30.281" level="INFO">Temporally setting log level to: NONE</msg>
<msg timestamp="20220910 23:04:30.409" level="INFO">Log level changed from NONE to INFO.</msg>
<status status="PASS" starttime="20220910 23:04:30.185" endtime="20220910 23:04:30.409"/>
</kw>
<kw name="Click Button" library="SeleniumLibrary">
<arg>Log In</arg>
<doc>Clicks the button identified by ``locator``.</doc>
<msg timestamp="20220910 23:04:30.409" level="INFO">Clicking button 'Log In'.</msg>
<status status="PASS" starttime="20220910 23:04:30.409" endtime="20220910 23:04:30.518"/>
</kw>
<kw name="Wait Until Page Contains" library="SeleniumLibrary">
<arg>${invalid_email}</arg>
<doc>Waits until ``text`` appears on the current page.</doc>
<status status="PASS" starttime="20220910 23:04:30.518" endtime="20220910 23:04:30.592"/>
</kw>
<status status="PASS" starttime="20220910 23:04:29.969" endtime="20220910 23:04:30.592"/>
</kw>
<status status="PASS" starttime="20220910 23:04:29.969" endtime="20220910 23:04:30.592"/>
</test>
<kw name="Close Browser" library="SeleniumLibrary" type="TEARDOWN">
<doc>Closes the current browser.</doc>
<status status="PASS" starttime="20220910 23:04:30.600" endtime="20220910 23:04:33.975"/>
</kw>
<status status="FAIL" starttime="20220910 23:04:18.767" endtime="20220910 23:04:33.975"/>
</suite>
<statistics>
<total>
<stat pass="2" fail="1" skip="0">All Tests</stat>
</total>
<tag>
</tag>
<suite>
<stat pass="2" fail="1" skip="0" id="s1" name="Tasks">Tasks</stat>
</suite>
</statistics>
<errors>
</errors>
</robot>
